2023-07-22T17:44:03.993+03:00  INFO 44602 --- [main] c.e.task_app_be.TaskAppBeApplicationKt   : Starting TaskAppBeApplicationKt using Java 17.0.8 with PID 44602 (/Users/erim/Desktop/Staj/task_app_be/build/classes/kotlin/main started by erim in /Users/erim/Desktop/Staj/task_app_be)
2023-07-22T17:44:04.003+03:00  INFO 44602 --- [main] c.e.task_app_be.TaskAppBeApplicationKt   : No active profile set, falling back to 1 default profile: "default"
2023-07-22T17:44:04.789+03:00  INFO 44602 --- [main] .s.d.r.c.RepositoryConfigurationDelegate : Bootstrapping Spring Data JPA repositories in DEFAULT mode.
2023-07-22T17:44:04.876+03:00  INFO 44602 --- [main] .s.d.r.c.RepositoryConfigurationDelegate : Finished Spring Data repository scanning in 81 ms. Found 1 JPA repository interfaces.
2023-07-22T17:44:05.343+03:00  INFO 44602 --- [main] o.s.b.w.embedded.tomcat.TomcatWebServer  : Tomcat initialized with port(s): 9090 (http)
2023-07-22T17:44:05.349+03:00  INFO 44602 --- [main] o.apache.catalina.core.StandardService   : Starting service [Tomcat]
2023-07-22T17:44:05.350+03:00  INFO 44602 --- [main] o.apache.catalina.core.StandardEngine    : Starting Servlet engine: [Apache Tomcat/10.1.10]
2023-07-22T17:44:05.423+03:00  INFO 44602 --- [main] o.a.c.c.C.[Tomcat].[localhost].[/]       : Initializing Spring embedded WebApplicationContext
2023-07-22T17:44:05.423+03:00  INFO 44602 --- [main] w.s.c.ServletWebServerApplicationContext : Root WebApplicationContext: initialization completed in 1367 ms
2023-07-22T17:44:05.556+03:00  INFO 44602 --- [main] o.hibernate.jpa.internal.util.LogHelper  : HHH000204: Processing PersistenceUnitInfo [name: default]
2023-07-22T17:44:05.601+03:00  INFO 44602 --- [main] org.hibernate.Version                    : HHH000412: Hibernate ORM core version 6.2.5.Final
2023-07-22T17:44:05.602+03:00  INFO 44602 --- [main] org.hibernate.cfg.Environment            : HHH000406: Using bytecode reflection optimizer
2023-07-22T17:44:05.713+03:00  INFO 44602 --- [main] o.h.b.i.BytecodeProviderInitiator        : HHH000021: Bytecode provider name : bytebuddy
2023-07-22T17:44:05.811+03:00  INFO 44602 --- [main] o.s.o.j.p.SpringPersistenceUnitInfo      : No LoadTimeWeaver setup: ignoring JPA class transformer
2023-07-22T17:44:05.825+03:00  INFO 44602 --- [main] com.zaxxer.hikari.HikariDataSource       : HikariPool-1 - Starting...
2023-07-22T17:44:06.838+03:00  INFO 44602 --- [main] com.zaxxer.hikari.pool.HikariPool        : HikariPool-1 - Added connection org.postgresql.jdbc.PgConnection@7450220d
2023-07-22T17:44:06.840+03:00  INFO 44602 --- [main] com.zaxxer.hikari.HikariDataSource       : HikariPool-1 - Start completed.
2023-07-22T17:44:07.289+03:00  INFO 44602 --- [main] o.h.b.i.BytecodeProviderInitiator        : HHH000021: Bytecode provider name : bytebuddy
2023-07-22T17:44:07.685+03:00  INFO 44602 --- [main] o.h.e.t.j.p.i.JtaPlatformInitiator       : HHH000490: Using JtaPlatform implementation: [org.hibernate.engine.transaction.jta.platform.internal.NoJtaPlatform]
2023-07-22T17:44:08.209+03:00  INFO 44602 --- [main] j.LocalContainerEntityManagerFactoryBean : Initialized JPA EntityManagerFactory for persistence unit 'default'
2023-07-22T17:44:09.404+03:00  WARN 44602 --- [main] JpaBaseConfiguration$JpaWebConfiguration : spring.jpa.open-in-view is enabled by default. Therefore, database queries may be performed during view rendering. Explicitly configure spring.jpa.open-in-view to disable this warning
2023-07-22T17:44:09.676+03:00  INFO 44602 --- [main] o.s.b.w.embedded.tomcat.TomcatWebServer  : Tomcat started on port(s): 9090 (http) with context path ''
2023-07-22T17:44:09.691+03:00  INFO 44602 --- [main] c.e.task_app_be.TaskAppBeApplicationKt   : Started TaskAppBeApplicationKt in 6.076 seconds (process running for 6.483)
2023-07-22T17:44:18.680+03:00  INFO 44602 --- [http-nio-9090-exec-1] o.a.c.c.C.[Tomcat].[localhost].[/]       : Initializing Spring DispatcherServlet 'dispatcherServlet'
2023-07-22T17:44:18.681+03:00  INFO 44602 --- [http-nio-9090-exec-1] o.s.web.servlet.DispatcherServlet        : Initializing Servlet 'dispatcherServlet'
2023-07-22T17:44:18.682+03:00  INFO 44602 --- [http-nio-9090-exec-1] o.s.web.servlet.DispatcherServlet        : Completed initialization in 1 ms
2023-07-22T17:44:30.408+03:00  INFO 44624 --- [main] c.e.task_app_be.TaskAppBeApplicationKt   : Starting TaskAppBeApplicationKt using Java 17.0.8 with PID 44624 (/Users/erim/Desktop/Staj/task_app_be/build/classes/kotlin/main started by erim in /Users/erim/Desktop/Staj/task_app_be)
2023-07-22T17:44:30.410+03:00  INFO 44624 --- [main] c.e.task_app_be.TaskAppBeApplicationKt   : No active profile set, falling back to 1 default profile: "default"
2023-07-22T17:44:31.417+03:00  INFO 44624 --- [main] .s.d.r.c.RepositoryConfigurationDelegate : Bootstrapping Spring Data JPA repositories in DEFAULT mode.
2023-07-22T17:44:31.503+03:00  INFO 44624 --- [main] .s.d.r.c.RepositoryConfigurationDelegate : Finished Spring Data repository scanning in 80 ms. Found 1 JPA repository interfaces.
2023-07-22T17:44:31.975+03:00  INFO 44624 --- [main] o.s.b.w.embedded.tomcat.TomcatWebServer  : Tomcat initialized with port(s): 9091 (http)
2023-07-22T17:44:31.983+03:00  INFO 44624 --- [main] o.apache.catalina.core.StandardService   : Starting service [Tomcat]
2023-07-22T17:44:31.984+03:00  INFO 44624 --- [main] o.apache.catalina.core.StandardEngine    : Starting Servlet engine: [Apache Tomcat/10.1.10]
2023-07-22T17:44:32.059+03:00  INFO 44624 --- [main] o.a.c.c.C.[Tomcat].[localhost].[/]       : Initializing Spring embedded WebApplicationContext
2023-07-22T17:44:32.059+03:00  INFO 44624 --- [main] w.s.c.ServletWebServerApplicationContext : Root WebApplicationContext: initialization completed in 1606 ms
2023-07-22T17:44:32.202+03:00  INFO 44624 --- [main] o.hibernate.jpa.internal.util.LogHelper  : HHH000204: Processing PersistenceUnitInfo [name: default]
2023-07-22T17:44:32.240+03:00  INFO 44624 --- [main] org.hibernate.Version                    : HHH000412: Hibernate ORM core version 6.2.5.Final
2023-07-22T17:44:32.242+03:00  INFO 44624 --- [main] org.hibernate.cfg.Environment            : HHH000406: Using bytecode reflection optimizer
2023-07-22T17:44:32.347+03:00  INFO 44624 --- [main] o.h.b.i.BytecodeProviderInitiator        : HHH000021: Bytecode provider name : bytebuddy
2023-07-22T17:44:32.445+03:00  INFO 44624 --- [main] o.s.o.j.p.SpringPersistenceUnitInfo      : No LoadTimeWeaver setup: ignoring JPA class transformer
2023-07-22T17:44:32.458+03:00  INFO 44624 --- [main] com.zaxxer.hikari.HikariDataSource       : HikariPool-1 - Starting...
2023-07-22T17:44:33.449+03:00  INFO 44624 --- [main] com.zaxxer.hikari.pool.HikariPool        : HikariPool-1 - Added connection org.postgresql.jdbc.PgConnection@22d3e931
2023-07-22T17:44:33.451+03:00  INFO 44624 --- [main] com.zaxxer.hikari.HikariDataSource       : HikariPool-1 - Start completed.
2023-07-22T17:44:33.887+03:00  INFO 44624 --- [main] o.h.b.i.BytecodeProviderInitiator        : HHH000021: Bytecode provider name : bytebuddy
2023-07-22T17:44:34.284+03:00  INFO 44624 --- [main] o.h.e.t.j.p.i.JtaPlatformInitiator       : HHH000490: Using JtaPlatform implementation: [org.hibernate.engine.transaction.jta.platform.internal.NoJtaPlatform]
2023-07-22T17:44:34.837+03:00  INFO 44624 --- [main] j.LocalContainerEntityManagerFactoryBean : Initialized JPA EntityManagerFactory for persistence unit 'default'
2023-07-22T17:44:36.086+03:00  WARN 44624 --- [main] JpaBaseConfiguration$JpaWebConfiguration : spring.jpa.open-in-view is enabled by default. Therefore, database queries may be performed during view rendering. Explicitly configure spring.jpa.open-in-view to disable this warning
2023-07-22T17:44:36.390+03:00  INFO 44624 --- [main] o.s.b.w.embedded.tomcat.TomcatWebServer  : Tomcat started on port(s): 9091 (http) with context path ''
2023-07-22T17:44:36.407+03:00  INFO 44624 --- [main] c.e.task_app_be.TaskAppBeApplicationKt   : Started TaskAppBeApplicationKt in 6.356 seconds (process running for 6.764)
2023-07-22T17:46:26.643+03:00  INFO 44624 --- [http-nio-9091-exec-1] o.a.c.c.C.[Tomcat].[localhost].[/]       : Initializing Spring DispatcherServlet 'dispatcherServlet'
2023-07-22T17:46:26.644+03:00  INFO 44624 --- [http-nio-9091-exec-1] o.s.web.servlet.DispatcherServlet        : Initializing Servlet 'dispatcherServlet'
2023-07-22T17:46:26.645+03:00  INFO 44624 --- [http-nio-9091-exec-1] o.s.web.servlet.DispatcherServlet        : Completed initialization in 1 ms
2023-07-22T17:46:26.910+03:00 ERROR 44624 --- [http-nio-9091-exec-1] i.n.r.d.DnsServerAddressStreamProviders  : Unable to load io.netty.resolver.dns.macos.MacOSDnsServerAddressStreamProvider, fallback to system defaults. This may result in incorrect DNS resolutions on MacOS. Check whether you have a dependency on 'io.netty:netty-resolver-dns-native-macos'. Use DEBUG level to see the full stack: java.lang.UnsatisfiedLinkError: failed to load the required native library
2023-07-22T17:46:44.537+03:00  WARN 44624 --- [http-nio-9091-exec-8] .w.s.m.s.DefaultHandlerExceptionResolver : Resolved [org.springframework.web.HttpRequestMethodNotSupportedException: Request method 'POST' is not supported]
2023-07-22T17:47:05.944+03:00 ERROR 44624 --- [http-nio-9091-exec-10] o.a.c.c.C.[.[.[/].[dispatcherServlet]    : Servlet.service() for servlet [dispatcherServlet] threw exception

org.springframework.web.reactive.function.UnsupportedMediaTypeException: Content type 'text/plain;charset=UTF-8' not supported for bodyType=java.lang.Object
	at org.springframework.web.reactive.function.BodyExtractors.readWithMessageReaders(BodyExtractors.java:205) ~[spring-webflux-6.0.10.jar:6.0.10]
	Suppressed: reactor.core.publisher.FluxOnAssembly$OnAssemblyException: 
Error has been observed at the following site(s):
	*__checkpoint ⇢ Body from DELETE http://localhost:9090/api/delete/17 [DefaultClientResponse]
Original Stack Trace:
		at org.springframework.web.reactive.function.BodyExtractors.readWithMessageReaders(BodyExtractors.java:205) ~[spring-webflux-6.0.10.jar:6.0.10]
		at org.springframework.web.reactive.function.BodyExtractors.lambda$toMono$2(BodyExtractors.java:84) ~[spring-webflux-6.0.10.jar:6.0.10]
		at org.springframework.web.reactive.function.client.DefaultClientResponse.body(DefaultClientResponse.java:134) ~[spring-webflux-6.0.10.jar:6.0.10]
		at org.springframework.web.reactive.function.client.DefaultClientResponse.bodyToMono(DefaultClientResponse.java:149) ~[spring-webflux-6.0.10.jar:6.0.10]
		at org.springframework.web.reactive.function.client.DefaultWebClient$DefaultResponseSpec.lambda$bodyToMono$1(DefaultWebClient.java:573) ~[spring-webflux-6.0.10.jar:6.0.10]
		at reactor.core.publisher.MonoFlatMap$FlatMapMain.onNext(MonoFlatMap.java:132) ~[reactor-core-3.5.7.jar:3.5.7]
		at reactor.core.publisher.FluxContextWrite$ContextWriteSubscriber.onNext(FluxContextWrite.java:107) ~[reactor-core-3.5.7.jar:3.5.7]
		at reactor.core.publisher.FluxDoFinally$DoFinallySubscriber.onNext(FluxDoFinally.java:113) ~[reactor-core-3.5.7.jar:3.5.7]
		at reactor.core.publisher.MonoPeekTerminal$MonoTerminalPeekSubscriber.onNext(MonoPeekTerminal.java:180) ~[reactor-core-3.5.7.jar:3.5.7]
		at reactor.core.publisher.FluxPeekFuseable$PeekConditionalSubscriber.onNext(FluxPeekFuseable.java:854) ~[reactor-core-3.5.7.jar:3.5.7]
		at reactor.core.publisher.FluxSwitchIfEmpty$SwitchIfEmptySubscriber.onNext(FluxSwitchIfEmpty.java:74) ~[reactor-core-3.5.7.jar:3.5.7]
		at reactor.core.publisher.FluxPeek$PeekSubscriber.onNext(FluxPeek.java:200) ~[reactor-core-3.5.7.jar:3.5.7]
		at reactor.core.publisher.FluxMap$MapSubscriber.onNext(FluxMap.java:122) ~[reactor-core-3.5.7.jar:3.5.7]
		at reactor.core.publisher.FluxOnErrorResume$ResumeSubscriber.onNext(FluxOnErrorResume.java:79) ~[reactor-core-3.5.7.jar:3.5.7]
		at reactor.core.publisher.FluxPeek$PeekSubscriber.onNext(FluxPeek.java:200) ~[reactor-core-3.5.7.jar:3.5.7]
		at reactor.core.publisher.FluxPeek$PeekSubscriber.onNext(FluxPeek.java:200) ~[reactor-core-3.5.7.jar:3.5.7]
		at reactor.core.publisher.FluxPeek$PeekSubscriber.onNext(FluxPeek.java:200) ~[reactor-core-3.5.7.jar:3.5.7]
		at reactor.core.publisher.MonoNext$NextSubscriber.onNext(MonoNext.java:82) ~[reactor-core-3.5.7.jar:3.5.7]
		at reactor.core.publisher.MonoFlatMapMany$FlatMapManyInner.onNext(MonoFlatMapMany.java:250) ~[reactor-core-3.5.7.jar:3.5.7]
		at reactor.core.publisher.FluxContextWrite$ContextWriteSubscriber.onNext(FluxContextWrite.java:107) ~[reactor-core-3.5.7.jar:3.5.7]
		at reactor.core.publisher.Operators$ScalarSubscription.request(Operators.java:2545) ~[reactor-core-3.5.7.jar:3.5.7]
		at reactor.core.publisher.FluxContextWrite$ContextWriteSubscriber.request(FluxContextWrite.java:136) ~[reactor-core-3.5.7.jar:3.5.7]
		at reactor.core.publisher.MonoFlatMapMany$FlatMapManyMain.onSubscribeInner(MonoFlatMapMany.java:150) ~[reactor-core-3.5.7.jar:3.5.7]
		at reactor.core.publisher.MonoFlatMapMany$FlatMapManyInner.onSubscribe(MonoFlatMapMany.java:245) ~[reactor-core-3.5.7.jar:3.5.7]
		at reactor.core.publisher.FluxContextWrite$ContextWriteSubscriber.onSubscribe(FluxContextWrite.java:101) ~[reactor-core-3.5.7.jar:3.5.7]
		at reactor.core.publisher.FluxJust.subscribe(FluxJust.java:68) ~[reactor-core-3.5.7.jar:3.5.7]
		at reactor.core.publisher.Flux.subscribe(Flux.java:8773) ~[reactor-core-3.5.7.jar:3.5.7]
		at reactor.core.publisher.MonoFlatMapMany$FlatMapManyMain.onNext(MonoFlatMapMany.java:195) ~[reactor-core-3.5.7.jar:3.5.7]
		at reactor.core.publisher.SerializedSubscriber.onNext(SerializedSubscriber.java:99) ~[reactor-core-3.5.7.jar:3.5.7]
		at reactor.core.publisher.FluxRetryWhen$RetryWhenMainSubscriber.onNext(FluxRetryWhen.java:174) ~[reactor-core-3.5.7.jar:3.5.7]
		at reactor.core.publisher.MonoCreate$DefaultMonoSink.success(MonoCreate.java:172) ~[reactor-core-3.5.7.jar:3.5.7]
		at reactor.netty.http.client.HttpClientConnect$HttpIOHandlerObserver.onStateChange(HttpClientConnect.java:435) ~[reactor-netty-http-1.1.8.jar:1.1.8]
		at reactor.netty.ReactorNetty$CompositeConnectionObserver.onStateChange(ReactorNetty.java:710) ~[reactor-netty-core-1.1.8.jar:1.1.8]
		at reactor.netty.resources.DefaultPooledConnectionProvider$DisposableAcquire.onStateChange(DefaultPooledConnectionProvider.java:195) ~[reactor-netty-core-1.1.8.jar:1.1.8]
		at reactor.netty.resources.DefaultPooledConnectionProvider$PooledConnection.onStateChange(DefaultPooledConnectionProvider.java:456) ~[reactor-netty-core-1.1.8.jar:1.1.8]
		at reactor.netty.http.client.HttpClientOperations.onInboundNext(HttpClientOperations.java:647) ~[reactor-netty-http-1.1.8.jar:1.1.8]
		at reactor.netty.channel.ChannelOperationsHandler.channelRead(ChannelOperationsHandler.java:113) ~[reactor-netty-core-1.1.8.jar:1.1.8]
		at io.netty.channel.AbstractChannelHandlerContext.invokeChannelRead(AbstractChannelHandlerContext.java:444) ~[netty-transport-4.1.94.Final.jar:4.1.94.Final]
		at io.netty.channel.AbstractChannelHandlerContext.invokeChannelRead(AbstractChannelHandlerContext.java:420) ~[netty-transport-4.1.94.Final.jar:4.1.94.Final]
		at io.netty.channel.AbstractChannelHandlerContext.fireChannelRead(AbstractChannelHandlerContext.java:412) ~[netty-transport-4.1.94.Final.jar:4.1.94.Final]
		at io.netty.handler.codec.MessageToMessageDecoder.channelRead(MessageToMessageDecoder.java:103) ~[netty-codec-4.1.94.Final.jar:4.1.94.Final]
		at io.netty.channel.AbstractChannelHandlerContext.invokeChannelRead(AbstractChannelHandlerContext.java:444) ~[netty-transport-4.1.94.Final.jar:4.1.94.Final]
		at io.netty.channel.AbstractChannelHandlerContext.invokeChannelRead(AbstractChannelHandlerContext.java:420) ~[netty-transport-4.1.94.Final.jar:4.1.94.Final]
		at io.netty.channel.AbstractChannelHandlerContext.fireChannelRead(AbstractChannelHandlerContext.java:412) ~[netty-transport-4.1.94.Final.jar:4.1.94.Final]
		at io.netty.channel.CombinedChannelDuplexHandler$DelegatingChannelHandlerContext.fireChannelRead(CombinedChannelDuplexHandler.java:436) ~[netty-transport-4.1.94.Final.jar:4.1.94.Final]
		at io.netty.handler.codec.ByteToMessageDecoder.fireChannelRead(ByteToMessageDecoder.java:346) ~[netty-codec-4.1.94.Final.jar:4.1.94.Final]
		at io.netty.handler.codec.ByteToMessageDecoder.fireChannelRead(ByteToMessageDecoder.java:333) ~[netty-codec-4.1.94.Final.jar:4.1.94.Final]
		at io.netty.handler.codec.ByteToMessageDecoder.callDecode(ByteToMessageDecoder.java:454) ~[netty-codec-4.1.94.Final.jar:4.1.94.Final]
		at io.netty.handler.codec.ByteToMessageDecoder.channelRead(ByteToMessageDecoder.java:290) ~[netty-codec-4.1.94.Final.jar:4.1.94.Final]
		at io.netty.channel.CombinedChannelDuplexHandler.channelRead(CombinedChannelDuplexHandler.java:251) ~[netty-transport-4.1.94.Final.jar:4.1.94.Final]
		at io.netty.channel.AbstractChannelHandlerContext.invokeChannelRead(AbstractChannelHandlerContext.java:442) ~[netty-transport-4.1.94.Final.jar:4.1.94.Final]
		at io.netty.channel.AbstractChannelHandlerContext.invokeChannelRead(AbstractChannelHandlerContext.java:420) ~[netty-transport-4.1.94.Final.jar:4.1.94.Final]
		at io.netty.channel.AbstractChannelHandlerContext.fireChannelRead(AbstractChannelHandlerContext.java:412) ~[netty-transport-4.1.94.Final.jar:4.1.94.Final]
		at io.netty.channel.DefaultChannelPipeline$HeadContext.channelRead(DefaultChannelPipeline.java:1410) ~[netty-transport-4.1.94.Final.jar:4.1.94.Final]
		at io.netty.channel.AbstractChannelHandlerContext.invokeChannelRead(AbstractChannelHandlerContext.java:440) ~[netty-transport-4.1.94.Final.jar:4.1.94.Final]
		at io.netty.channel.AbstractChannelHandlerContext.invokeChannelRead(AbstractChannelHandlerContext.java:420) ~[netty-transport-4.1.94.Final.jar:4.1.94.Final]
		at io.netty.channel.DefaultChannelPipeline.fireChannelRead(DefaultChannelPipeline.java:919) ~[netty-transport-4.1.94.Final.jar:4.1.94.Final]
		at io.netty.channel.nio.AbstractNioByteChannel$NioByteUnsafe.read(AbstractNioByteChannel.java:166) ~[netty-transport-4.1.94.Final.jar:4.1.94.Final]
		at io.netty.channel.nio.NioEventLoop.processSelectedKey(NioEventLoop.java:788) ~[netty-transport-4.1.94.Final.jar:4.1.94.Final]
		at io.netty.channel.nio.NioEventLoop.processSelectedKeysOptimized(NioEventLoop.java:724) ~[netty-transport-4.1.94.Final.jar:4.1.94.Final]
		at io.netty.channel.nio.NioEventLoop.processSelectedKeys(NioEventLoop.java:650) ~[netty-transport-4.1.94.Final.jar:4.1.94.Final]
		at io.netty.channel.nio.NioEventLoop.run(NioEventLoop.java:562) ~[netty-transport-4.1.94.Final.jar:4.1.94.Final]
		at io.netty.util.concurrent.SingleThreadEventExecutor$4.run(SingleThreadEventExecutor.java:997) ~[netty-common-4.1.94.Final.jar:4.1.94.Final]
		at io.netty.util.internal.ThreadExecutorMap$2.run(ThreadExecutorMap.java:74) ~[netty-common-4.1.94.Final.jar:4.1.94.Final]
		at io.netty.util.concurrent.FastThreadLocalRunnable.run(FastThreadLocalRunnable.java:30) ~[netty-common-4.1.94.Final.jar:4.1.94.Final]
		at java.base/java.lang.Thread.run(Thread.java:857) ~[na:na]

2023-07-22T17:47:05.949+03:00 ERROR 44624 --- [http-nio-9091-exec-10] o.a.c.c.C.[.[.[/].[dispatcherServlet]    : Servlet.service() for servlet [dispatcherServlet] in context with path [] threw exception [Request processing failed: org.springframework.web.reactive.function.client.WebClientResponseException: 200 OK from DELETE http://localhost:9090/api/delete/17] with root cause

org.springframework.web.reactive.function.UnsupportedMediaTypeException: Content type 'text/plain;charset=UTF-8' not supported for bodyType=java.lang.Object
	at org.springframework.web.reactive.function.BodyExtractors.readWithMessageReaders(BodyExtractors.java:205) ~[spring-webflux-6.0.10.jar:6.0.10]
	Suppressed: reactor.core.publisher.FluxOnAssembly$OnAssemblyException: 
Error has been observed at the following site(s):
	*__checkpoint ⇢ Body from DELETE http://localhost:9090/api/delete/17 [DefaultClientResponse]
Original Stack Trace:
		at org.springframework.web.reactive.function.BodyExtractors.readWithMessageReaders(BodyExtractors.java:205) ~[spring-webflux-6.0.10.jar:6.0.10]
		at org.springframework.web.reactive.function.BodyExtractors.lambda$toMono$2(BodyExtractors.java:84) ~[spring-webflux-6.0.10.jar:6.0.10]
		at org.springframework.web.reactive.function.client.DefaultClientResponse.body(DefaultClientResponse.java:134) ~[spring-webflux-6.0.10.jar:6.0.10]
		at org.springframework.web.reactive.function.client.DefaultClientResponse.bodyToMono(DefaultClientResponse.java:149) ~[spring-webflux-6.0.10.jar:6.0.10]
		at org.springframework.web.reactive.function.client.DefaultWebClient$DefaultResponseSpec.lambda$bodyToMono$1(DefaultWebClient.java:573) ~[spring-webflux-6.0.10.jar:6.0.10]
		at reactor.core.publisher.MonoFlatMap$FlatMapMain.onNext(MonoFlatMap.java:132) ~[reactor-core-3.5.7.jar:3.5.7]
		at reactor.core.publisher.FluxContextWrite$ContextWriteSubscriber.onNext(FluxContextWrite.java:107) ~[reactor-core-3.5.7.jar:3.5.7]
		at reactor.core.publisher.FluxDoFinally$DoFinallySubscriber.onNext(FluxDoFinally.java:113) ~[reactor-core-3.5.7.jar:3.5.7]
		at reactor.core.publisher.MonoPeekTerminal$MonoTerminalPeekSubscriber.onNext(MonoPeekTerminal.java:180) ~[reactor-core-3.5.7.jar:3.5.7]
		at reactor.core.publisher.FluxPeekFuseable$PeekConditionalSubscriber.onNext(FluxPeekFuseable.java:854) ~[reactor-core-3.5.7.jar:3.5.7]
		at reactor.core.publisher.FluxSwitchIfEmpty$SwitchIfEmptySubscriber.onNext(FluxSwitchIfEmpty.java:74) ~[reactor-core-3.5.7.jar:3.5.7]
		at reactor.core.publisher.FluxPeek$PeekSubscriber.onNext(FluxPeek.java:200) ~[reactor-core-3.5.7.jar:3.5.7]
		at reactor.core.publisher.FluxMap$MapSubscriber.onNext(FluxMap.java:122) ~[reactor-core-3.5.7.jar:3.5.7]
		at reactor.core.publisher.FluxOnErrorResume$ResumeSubscriber.onNext(FluxOnErrorResume.java:79) ~[reactor-core-3.5.7.jar:3.5.7]
		at reactor.core.publisher.FluxPeek$PeekSubscriber.onNext(FluxPeek.java:200) ~[reactor-core-3.5.7.jar:3.5.7]
		at reactor.core.publisher.FluxPeek$PeekSubscriber.onNext(FluxPeek.java:200) ~[reactor-core-3.5.7.jar:3.5.7]
		at reactor.core.publisher.FluxPeek$PeekSubscriber.onNext(FluxPeek.java:200) ~[reactor-core-3.5.7.jar:3.5.7]
		at reactor.core.publisher.MonoNext$NextSubscriber.onNext(MonoNext.java:82) ~[reactor-core-3.5.7.jar:3.5.7]
		at reactor.core.publisher.MonoFlatMapMany$FlatMapManyInner.onNext(MonoFlatMapMany.java:250) ~[reactor-core-3.5.7.jar:3.5.7]
		at reactor.core.publisher.FluxContextWrite$ContextWriteSubscriber.onNext(FluxContextWrite.java:107) ~[reactor-core-3.5.7.jar:3.5.7]
		at reactor.core.publisher.Operators$ScalarSubscription.request(Operators.java:2545) ~[reactor-core-3.5.7.jar:3.5.7]
		at reactor.core.publisher.FluxContextWrite$ContextWriteSubscriber.request(FluxContextWrite.java:136) ~[reactor-core-3.5.7.jar:3.5.7]
		at reactor.core.publisher.MonoFlatMapMany$FlatMapManyMain.onSubscribeInner(MonoFlatMapMany.java:150) ~[reactor-core-3.5.7.jar:3.5.7]
		at reactor.core.publisher.MonoFlatMapMany$FlatMapManyInner.onSubscribe(MonoFlatMapMany.java:245) ~[reactor-core-3.5.7.jar:3.5.7]
		at reactor.core.publisher.FluxContextWrite$ContextWriteSubscriber.onSubscribe(FluxContextWrite.java:101) ~[reactor-core-3.5.7.jar:3.5.7]
		at reactor.core.publisher.FluxJust.subscribe(FluxJust.java:68) ~[reactor-core-3.5.7.jar:3.5.7]
		at reactor.core.publisher.Flux.subscribe(Flux.java:8773) ~[reactor-core-3.5.7.jar:3.5.7]
		at reactor.core.publisher.MonoFlatMapMany$FlatMapManyMain.onNext(MonoFlatMapMany.java:195) ~[reactor-core-3.5.7.jar:3.5.7]
		at reactor.core.publisher.SerializedSubscriber.onNext(SerializedSubscriber.java:99) ~[reactor-core-3.5.7.jar:3.5.7]
		at reactor.core.publisher.FluxRetryWhen$RetryWhenMainSubscriber.onNext(FluxRetryWhen.java:174) ~[reactor-core-3.5.7.jar:3.5.7]
		at reactor.core.publisher.MonoCreate$DefaultMonoSink.success(MonoCreate.java:172) ~[reactor-core-3.5.7.jar:3.5.7]
		at reactor.netty.http.client.HttpClientConnect$HttpIOHandlerObserver.onStateChange(HttpClientConnect.java:435) ~[reactor-netty-http-1.1.8.jar:1.1.8]
		at reactor.netty.ReactorNetty$CompositeConnectionObserver.onStateChange(ReactorNetty.java:710) ~[reactor-netty-core-1.1.8.jar:1.1.8]
		at reactor.netty.resources.DefaultPooledConnectionProvider$DisposableAcquire.onStateChange(DefaultPooledConnectionProvider.java:195) ~[reactor-netty-core-1.1.8.jar:1.1.8]
		at reactor.netty.resources.DefaultPooledConnectionProvider$PooledConnection.onStateChange(DefaultPooledConnectionProvider.java:456) ~[reactor-netty-core-1.1.8.jar:1.1.8]
		at reactor.netty.http.client.HttpClientOperations.onInboundNext(HttpClientOperations.java:647) ~[reactor-netty-http-1.1.8.jar:1.1.8]
		at reactor.netty.channel.ChannelOperationsHandler.channelRead(ChannelOperationsHandler.java:113) ~[reactor-netty-core-1.1.8.jar:1.1.8]
		at io.netty.channel.AbstractChannelHandlerContext.invokeChannelRead(AbstractChannelHandlerContext.java:444) ~[netty-transport-4.1.94.Final.jar:4.1.94.Final]
		at io.netty.channel.AbstractChannelHandlerContext.invokeChannelRead(AbstractChannelHandlerContext.java:420) ~[netty-transport-4.1.94.Final.jar:4.1.94.Final]
		at io.netty.channel.AbstractChannelHandlerContext.fireChannelRead(AbstractChannelHandlerContext.java:412) ~[netty-transport-4.1.94.Final.jar:4.1.94.Final]
		at io.netty.handler.codec.MessageToMessageDecoder.channelRead(MessageToMessageDecoder.java:103) ~[netty-codec-4.1.94.Final.jar:4.1.94.Final]
		at io.netty.channel.AbstractChannelHandlerContext.invokeChannelRead(AbstractChannelHandlerContext.java:444) ~[netty-transport-4.1.94.Final.jar:4.1.94.Final]
		at io.netty.channel.AbstractChannelHandlerContext.invokeChannelRead(AbstractChannelHandlerContext.java:420) ~[netty-transport-4.1.94.Final.jar:4.1.94.Final]
		at io.netty.channel.AbstractChannelHandlerContext.fireChannelRead(AbstractChannelHandlerContext.java:412) ~[netty-transport-4.1.94.Final.jar:4.1.94.Final]
		at io.netty.channel.CombinedChannelDuplexHandler$DelegatingChannelHandlerContext.fireChannelRead(CombinedChannelDuplexHandler.java:436) ~[netty-transport-4.1.94.Final.jar:4.1.94.Final]
		at io.netty.handler.codec.ByteToMessageDecoder.fireChannelRead(ByteToMessageDecoder.java:346) ~[netty-codec-4.1.94.Final.jar:4.1.94.Final]
		at io.netty.handler.codec.ByteToMessageDecoder.fireChannelRead(ByteToMessageDecoder.java:333) ~[netty-codec-4.1.94.Final.jar:4.1.94.Final]
		at io.netty.handler.codec.ByteToMessageDecoder.callDecode(ByteToMessageDecoder.java:454) ~[netty-codec-4.1.94.Final.jar:4.1.94.Final]
		at io.netty.handler.codec.ByteToMessageDecoder.channelRead(ByteToMessageDecoder.java:290) ~[netty-codec-4.1.94.Final.jar:4.1.94.Final]
		at io.netty.channel.CombinedChannelDuplexHandler.channelRead(CombinedChannelDuplexHandler.java:251) ~[netty-transport-4.1.94.Final.jar:4.1.94.Final]
		at io.netty.channel.AbstractChannelHandlerContext.invokeChannelRead(AbstractChannelHandlerContext.java:442) ~[netty-transport-4.1.94.Final.jar:4.1.94.Final]
		at io.netty.channel.AbstractChannelHandlerContext.invokeChannelRead(AbstractChannelHandlerContext.java:420) ~[netty-transport-4.1.94.Final.jar:4.1.94.Final]
		at io.netty.channel.AbstractChannelHandlerContext.fireChannelRead(AbstractChannelHandlerContext.java:412) ~[netty-transport-4.1.94.Final.jar:4.1.94.Final]
		at io.netty.channel.DefaultChannelPipeline$HeadContext.channelRead(DefaultChannelPipeline.java:1410) ~[netty-transport-4.1.94.Final.jar:4.1.94.Final]
		at io.netty.channel.AbstractChannelHandlerContext.invokeChannelRead(AbstractChannelHandlerContext.java:440) ~[netty-transport-4.1.94.Final.jar:4.1.94.Final]
		at io.netty.channel.AbstractChannelHandlerContext.invokeChannelRead(AbstractChannelHandlerContext.java:420) ~[netty-transport-4.1.94.Final.jar:4.1.94.Final]
		at io.netty.channel.DefaultChannelPipeline.fireChannelRead(DefaultChannelPipeline.java:919) ~[netty-transport-4.1.94.Final.jar:4.1.94.Final]
		at io.netty.channel.nio.AbstractNioByteChannel$NioByteUnsafe.read(AbstractNioByteChannel.java:166) ~[netty-transport-4.1.94.Final.jar:4.1.94.Final]
		at io.netty.channel.nio.NioEventLoop.processSelectedKey(NioEventLoop.java:788) ~[netty-transport-4.1.94.Final.jar:4.1.94.Final]
		at io.netty.channel.nio.NioEventLoop.processSelectedKeysOptimized(NioEventLoop.java:724) ~[netty-transport-4.1.94.Final.jar:4.1.94.Final]
		at io.netty.channel.nio.NioEventLoop.processSelectedKeys(NioEventLoop.java:650) ~[netty-transport-4.1.94.Final.jar:4.1.94.Final]
		at io.netty.channel.nio.NioEventLoop.run(NioEventLoop.java:562) ~[netty-transport-4.1.94.Final.jar:4.1.94.Final]
		at io.netty.util.concurrent.SingleThreadEventExecutor$4.run(SingleThreadEventExecutor.java:997) ~[netty-common-4.1.94.Final.jar:4.1.94.Final]
		at io.netty.util.internal.ThreadExecutorMap$2.run(ThreadExecutorMap.java:74) ~[netty-common-4.1.94.Final.jar:4.1.94.Final]
		at io.netty.util.concurrent.FastThreadLocalRunnable.run(FastThreadLocalRunnable.java:30) ~[netty-common-4.1.94.Final.jar:4.1.94.Final]
		at java.base/java.lang.Thread.run(Thread.java:857) ~[na:na]

2023-07-22T18:01:03.733+03:00  INFO 44602 --- [SpringApplicationShutdownHook] j.LocalContainerEntityManagerFactoryBean : Closing JPA EntityManagerFactory for persistence unit 'default'
2023-07-22T18:01:03.738+03:00  INFO 44602 --- [SpringApplicationShutdownHook] com.zaxxer.hikari.HikariDataSource       : HikariPool-1 - Shutdown initiated...
2023-07-22T18:01:04.564+03:00  INFO 44602 --- [SpringApplicationShutdownHook] com.zaxxer.hikari.HikariDataSource       : HikariPool-1 - Shutdown completed.
2023-07-22T18:01:05.800+03:00  INFO 44624 --- [SpringApplicationShutdownHook] j.LocalContainerEntityManagerFactoryBean : Closing JPA EntityManagerFactory for persistence unit 'default'
2023-07-22T18:01:05.807+03:00  INFO 44624 --- [SpringApplicationShutdownHook] com.zaxxer.hikari.HikariDataSource       : HikariPool-1 - Shutdown initiated...
2023-07-22T18:01:15.815+03:00  WARN 44624 --- [SpringApplicationShutdownHook] com.zaxxer.hikari.pool.HikariPool        : Timed-out waiting for close connection executor to shutdown
2023-07-22T18:01:15.816+03:00  INFO 44624 --- [SpringApplicationShutdownHook] com.zaxxer.hikari.HikariDataSource       : HikariPool-1 - Shutdown completed.
